dstag,delta,gamma_e,Ma_edge,p_exi,T_ratio,Ma0,R0,R,uR,rhoR,pR,T_w
4.20056593057338,0.0534632300802907,1.4,1.19059349352597,-0.0254386055310633,4.00399254866984,1.19057444158317,94.1175060309427,94.1228183889781,1.0000564438887,1,0.714262854389764,0.249750714529228
4.18012004618314,0.0532928359410548,1.4,1.17444089365608,-0.0188036707264988,4.18642518089931,1.1744326498695,140.178397513964,140.181964351991,1.00002544499074,1,0.714275686708591,0.238867280982957
4.15800971731955,0.0530999145212353,1.4,1.1621859200981,-0.0146830790375863,4.25453256145504,1.16218175754443,194.19244264841,194.195017396832,1.00001325874677,1,0.714280597639146,0.235043447324799
4.13410763671912,0.0529508895219637,1.4,1.15219446848293,-0.0123502691967584,4.28536092206623,1.15219196498542,247.180603927301,247.182626731462,1.00000818350683,1,0.714282610277467,0.233352573607229
4.10827792961246,0.0528401634051676,1.4,1.14330804471957,-0.0110660193957915,4.30279271723848,1.14330631798857,294.192809825783,294.194509386544,1.00000577703025,1,0.714283556724838,0.232407198235149
4.08037609673302,0.0532128682994975,1.4,1.1348406174945,-0.0102484140459328,4.31196121904763,1.13483934538817,338.953588257639,338.955063382639,1.000004351997,1,0.71428411292099,0.231913031959241
4.05024903722457,0.0531650260857238,1.4,1.12727869758502,-0.0100453626854811,4.31685677368256,1.12727763780698,367.653906988967,367.65526696112,1.00000369905535,1,0.71428437125677,0.231650029738405
4.01773389500711,0.0537401809596794,1.4,1.11877513162756,-0.00977363386998435,4.31943705000777,1.11877428442558,406.556097269297,406.557327110018,1.00000302502097,1,0.714284632488265,0.231511650343
3.98265885473233,0.053761440698257,1.4,1.10937314260535,-0.00974159657506519,4.32051846820867,1.10937245293043,444.932422451561,444.933546216302,1.00000252569758,1,0.714284826171938,0.231453703382643
3.94484238743314,0.0540822203918182,1.4,1.0985922749827,-0.0096502759056395,4.32038282181216,1.09859174635382,500.817172513428,500.818170880755,1.00000199347662,1,0.714285026875154,0.231460970299052
3.90409406426158,0.0539660922546051,1.4,1.08746051279033,-0.00969116266914431,4.31968886620226,1.08746011019364,565.177705245532,565.178589922341,1.00000156530734,1,0.714285185403957,0.231498154374986
3.8602132608989,0.0539100895269955,1.4,1.07528764259215,-0.0097198961918437,4.31814563814332,1.07528735583394,658.459339373919,658.460098721811,1.00000115321911,1,0.714285333313665,0.231580887677047
3.81299145025122,0.0536824294002437,1.4,1.06239820375465,-0.00978688791199172,4.31615473072805,1.0623980135363,793.971171142086,793.971800887624,1.0000007931592,1,0.714285458505473,0.231687708709952
3.7622106632908,0.0537949757748833,1.4,1.04815618937302,-0.00973141990003175,4.31343717684176,1.04815608328419,1041.84747898459,1041.84795890117,1.00000046063996,1,0.714285569693274,0.231833676718154
3.70764444304534,0.0536592237075868,1.4,1.03321957801319,-0.00973671314431556,4.31022538792547,1.03321953030803,1520.56945314226,1520.5697819664,1.00000021625066,1,0.714285648326625,0.232006428898444
3.64905980044148,0.0532652944866645,1.4,1.01773580932371,-0.00983991053770295,4.3057514460811,1.01773579625234,2839.82761945848,2839.8277955255,1.00000006199919,1,0.714285695937741,0.232247497915876
3.5862167095378,0.0530725691548095,1.4,1.000847126522,-0.00988583360572644,4.30105900039396,1.00084712649385,59679.3995289303,59679.3995373084,1.00000000014039,1,0.714285714245536,0.23250087941328
3.51887000536048,0.0530020008638704,1.4,0.982454941143596,-0.00987111246877669,4.29523555147539,0.982454929965095,2912.57532554907,2912.57549721845,-1.00000005894075,1,0.714285698031241,0.232816102403628
3.44677090372897,0.0525009507297812,1.4,0.963754024199554,-0.0100047265575915,4.28804144323414,0.9637539788057,1404.27048011118,1404.27083616789,-1.0000002535528,1,0.714285646998462,0.233206701296659
3.36966926001039,0.0521251005805263,1.4,0.94344288692975,-0.0100872251497693,4.28054569566317,0.943442783701257,901.931579953605,901.93213431921,-1.00000061464264,1,0.714285557976023,0.23361507412785
3.28731412019909,0.0518181324324959,1.4,0.92143086386963,-0.0101113900427337,4.27146879752048,0.921430681584198,655.115820085752,655.11658330913,-1.00000116502053,1,0.714285431673372,0.234111507634209
3.19945813915967,0.0512235012025187,1.4,0.898581154878258,-0.0101917832088986,4.26191287506515,0.898580875460698,509.57605202719,509.577033234051,-1.00000192553566,1,0.714285270065535,0.234636424843554
3.10585923586313,0.0503616577862046,1.4,0.874907731035163,-0.0105731275741183,4.25104254577597,0.874907319225334,403.269032871022,403.2702727362,-1.00000307453605,1,0.714285041872388,0.235236413005004
3.00628358478505,0.0492305165249237,1.4,0.849001564975298,-0.010830296722694,4.24008641984585,0.849001005469359,330.7197804167,330.721292267175,-1.00000457139417,1,0.71428477283405,0.235844249617053
2.90518608293315,0.0485889848987559,1.4,0.822196402396975,-0.0108400331056012,4.22953875190186,0.822195716851143,284.737612560017,284.739368557245,-1.00000616707154,1,0.71428452314601,0.236432400471645
2.80408784028128,0.0481163348289906,1.4,0.795179403512627,-0.0110403711070482,4.21976800322754,0.795178574997607,246.346928348542,246.348957998124,-1.0000082389888,1,0.714284225826301,0.236979852739567
2.7029893816656,0.0475892979262849,1.4,0.768170515689662,-0.0113148850447507,4.21123977687508,0.768169540630209,215.610789013803,215.613107994747,-1.00001075540308,1,0.714283900962809,0.237459763153653
2.60189119289686,0.0470894124138484,1.4,0.74099081479082,-0.011571158658678,4.20354559204474,0.740989707183812,191.657536853389,191.660145655554,-1.00001361179011,1,0.714283578908983,0.23789441035028
2.50079333045704,0.0465256786472017,1.4,0.713944558274654,-0.0118925376493199,4.19607285372368,0.713943321175036,171.5117312836,171.514646511305,-1.00001699724959,1,0.714283238906336,0.238318073794305
2.39969588330165,0.0459338093173957,1.4,0.686957012257639,-0.0122853930561962,4.18859440380089,0.686955647835294,154.141394239932,154.144637980794,-1.00002104393099,1,0.714282876884234,0.238743574477529
2.2985980999688,0.0453871993700074,1.4,0.659703649560765,-0.0126948924004777,4.18169271806117,0.659702173702926,139.476274397162,139.47985919018,-1.00002570181225,1,0.71428251835678,0.239137609437655
2.19749996711272,0.0448598303120972,1.4,0.632302288270884,-0.0131598611992994,4.17481410009113,0.632300711305382,126.612102753875,126.616051761843,-1.00003118981426,1,0.714282151424892,0.239531623690303
2.09640177975877,0.0443425243428931,1.4,0.60480443623718,-0.0136903045645956,4.16773846259702,0.60480276860634,115.178546870053,115.182887874445,-1.00003768934849,1,0.714281775282719,0.2399382804306
1.9953036989241,0.0438498344531514,1.4,0.577049444071354,-0.0142174273397748,4.16110723779933,0.577047716205622,105.454124238083,105.458865529746,-1.00004496070398,1,0.714281436704396,0.240320650935414
1.89420586457448,0.0433715959433724,1.4,0.549272177168697,-0.0147553136194651,4.1541354238844,0.549270418022454,97.0575636480766,97.0627150933892,-1.00005307618612,1,0.714281139027504,0.240723976943662
1.79310835476894,0.0428964757580983,1.4,0.521444810347493,-0.0152749373058733,4.14827009490219,0.521443056797795,89.9191907224395,89.9247510987851,-1.00006183748209,1,0.714280910197661,0.241064341791269
1.69201084496332,0.0424283307611799,1.4,0.493730797296486,-0.0158205970210682,4.1429824977803,0.493729074707236,83.5878826169571,83.593864131204,-1.00007155958567,1,0.714280730117203,0.24137200689015
1.59091301061371,0.0419504286510321,1.4,0.466119850897705,-0.0164201395933485,4.13799943900707,0.466118178148552,77.8089975403403,77.8154232670663,-1.00008258333778,1,0.714280587627078,0.241662671718475
1.48981492977903,0.041459564520538,1.4,0.438622030239511,-0.0171054862870504,4.1334874468324,0.438620419948237,72.3906115540707,72.3975181976037,-1.00009540800091,1,0.71428046965201,0.241926463516014
1.38871674242509,0.0409587907937094,1.4,0.411204144667394,-0.017931635525217,4.12911756692608,0.41120260126294,67.1189460059046,67.1263950539841,-1.00011098279283,1,0.714280352327679,0.242182496330432
1.28761860956901,0.0404668506197087,1.4,0.383911326999693,-0.0189720659570379,4.12544365088219,0.383909846585609,61.8234915312953,61.8315785430077,-1.00013080807169,1,0.714280205531381,0.242398172081725
1.18652082623616,0.0399821417557573,1.4,0.356673465048688,-0.0202783088695449,4.12173825150144,0.356672043874827,56.504273843072,56.5131220384511,-1.00015659338272,1,0.714280022120396,0.242616085491534
1.08542337908076,0.0394439003870411,1.4,0.329145477947485,-0.0218627948669397,4.117443873646,0.329144122964028,51.2995436493129,51.3092893989749,-1.00018997731693,1,0.714279833340056,0.242869127227349
0.984325516640942,0.038915830636841,1.4,0.30155122032278,-0.023850353644973,4.1125933915687,0.301549931417671,46.1242981391675,46.1351371389618,-1.00023499544127,1,0.714279608228256,0.243155572357364
0.883227327872201,0.0383002385852888,1.4,0.273500496135618,-0.0262413153567596,4.10723000671068,0.273499290349792,41.1908405612239,41.2029773941176,-1.00029464882795,1,0.714279416134861,0.243473094607833
0.782128869256519,0.0376213062261158,1.4,0.245141880731296,-0.0292862081807882,4.10109911084092,0.2451407646338,36.3306962432113,36.3444561042876,-1.00037873926181,1,0.714279210209956,0.243837072202567
0.681030626604654,0.037019894872499,1.4,0.216652391318645,-0.033207371957848,4.09337294644076,0.216651372831296,31.5984572734729,31.6142768707983,-1.00050064461023,1,0.714278998557818,0.244297310087397
0.579933124752755,0.0362441022778852,1.4,0.187357870880014,-0.0389271855294091,4.08301416127416,0.187356943119313,26.6249201979955,26.6436929788201,-1.00070508308326,1,0.714278640288013,0.244917103027616
0.480357473674671,0.0360546628166009,1.4,0.158692001769466,-0.047537526508757,4.07257159034864,0.158691143679891,21.5806481225817,21.6038046045295,-1.0010730206904,1,0.714277989643501,0.245545100390584
0.386758570378131,0.035526719054842,1.4,0.130050332120913,-0.0598298434220884,4.06234041172345,0.130049571271948,17.0026285078528,17.0320103386549,-1.00172807579655,1,0.714277356568402,0.246163516261246
0.298902589338718,0.0350854051507273,1.4,0.102296483600134,-0.0778779947194611,4.05153526580716,0.102295847953516,12.9772049594576,13.0156770304034,-1.00296458837369,1,0.71427683750185,0.246820016214465
0.216547449527409,0.0344446209643836,1.4,0.0745403362187114,-0.109401505110346,4.04079772284605,0.0745398460796084,9.1923214586332,9.24655469885127,-1.00589984156474,1,0.714276320761992,0.247475886839412
0.139445805808833,0.0337669941489482,1.4,0.0471068973145932,-0.172600174962923,4.03080787014972,0.0471065873266532,5.80700511119937,5.89247896572365,-1.01471909407475,1,0.714276313571967,0.248089224843866
0.0673467041773232,0.0333112263212117,1.4,0.0206255334359222,-0.322114140052264,4.02213169052502,0.0206254424813852,3.10594788335552,3.26296065776476,-1.0505522888039,1,0.714279414581188,0.248624380538238
-0,0.0327468927885077,1.4,0.00544292059542116,-3.51060478414359,4.0150322591695,0.00544272203466055,0.284963608282813,1.03980972203839,-3.64892109664204,1,0.714233600158662,0.249064001345496
-0.0628430909036801,0.0324074357253163,1.4,0.0300734991458416,-0.39128487154053,4.00816563100248,0.0300730835961734,2.55835008503889,2.74684458199194,-1.07367814829384,1,0.714265974704403,0.249490687776266
-0.121427733507534,0.0318943825484194,1.4,0.0541360529927624,-0.201932038128172,4.00075465977931,0.0541354099946671,4.96730893197519,5.06696734010399,-1.0200628568695,1,0.714268746605183,0.24995284266073
-0.175993953752996,0.0315082194976982,1.4,0.0768811729161966,-0.143762174406014,3.99183267396435,0.0768802450470587,6.99814125947483,7.06922775751099,-1.01015791127964,1,0.714268473142131,0.250511502278698
-0.226774740713419,0.0309006882762723,1.4,0.0994655728850365,-0.11274893621616,3.98079659554546,0.0994643468835057,8.95900257625223,9.01463960240752,-1.0062101808412,1,0.714268105982525,0.251206002617417
-0.273996551361098,0.0302364421784924,1.4,0.121737769231512,-0.0958052081159303,3.9669976109162,0.121736162436859,10.5962823239181,10.6433640869876,-1.00444323411083,1,0.714266858955951,0.252079808984066
-0.317877354723778,0.0296938322024435,1.4,0.143564072817206,-0.0872160180896269,3.95058233207482,0.143561914588572,11.7088713420965,11.7514964198509,-1.00364040875581,1,0.714264238435057,0.253127239465683
-0.358625677895339,0.0290589665694933,1.4,0.165601210278575,-0.0819269400309499,3.93134752307625,0.165598328075971,12.5524163972925,12.5921863634167,-1.00316831157169,1,0.714260850962232,0.254365708991686
-0.396442145194522,0.0279431276564525,1.4,0.189012675368662,-0.0765967104123026,3.90972351342495,0.189008993180883,13.5418214211784,13.5786938769193,-1.00272285792244,1,0.714257884316068,0.255772562066414
-0.431517185469305,0.0270372947702292,1.4,0.211972198419914,-0.0750176075438679,3.88571897769844,0.211967311819597,13.9607078103326,13.99647679116,-1.00256211800386,1,0.714252781772945,0.257352630424219
-0.464032327686762,0.0264919683835782,1.4,0.23489666492711,-0.0764003835022284,3.86021815154532,0.234889915915888,13.8575304701365,13.8935650835472,-1.00260036328178,1,0.714244669402863,0.259052716904012
-0.494159387195216,0.0258149435299483,1.4,0.259854050070865,-0.0778836386142802,3.83137159979676,0.259844803059178,13.7746933910099,13.8109441392083,-1.0026316918402,1,0.714234878896961,0.261003135287907
-0.522061220074652,0.0248918870557864,1.4,0.287699576488236,-0.0792126399875244,3.79990172686669,0.287687018495058,13.7700175731161,13.8062805984786,-1.00263347705767,1,0.714223358967238,0.263164700531499
-0.547890927181313,0.0242841658874237,1.4,0.316407370837904,-0.0834470451263528,3.76440926441521,0.316389532436245,13.3251944324014,13.362664654226,-1.00281198312075,1,0.714205176615173,0.265645930014293
-0.571793007781747,0.0236814015172534,1.4,0.347787575207355,-0.0891823430958451,3.7199291691044,0.34776176811748,12.7666633424765,12.8057679543296,-1.00306302522468,1,0.71417971307683,0.268822322829538
-0.593903336645341,0.0226977038719499,1.4,0.382612486388944,-0.095023446053763,3.64799239455554,0.382575723079483,12.3424139988718,12.3828584470447,-1.00327686692219,1,0.714148456636684,0.274123378517031
-0.614349221035578,0.0215829534994773,1.4,0.421906940279728,-0.101010869464995,3.48729994520408,0.421855328296895,12.0617378092519,12.1031202166688,-1.00343088268634,1,0.714110967470203,0.286754800479739
