dstag,delta,gamma_e,Ma_edge,p_exi,T_ratio,R0,Ma0,u1,rho1,p1
4.20056593057338,0.0534632300802907,1.40870838772566,1.19059349352597,-0.0254386055310633,4.00399254866984,94.1175060309427,1.19057402681408,1.0000564438887,1,2.84222174770284
4.18012004618314,0.0532928359410548,1.40865543018548,1.17444089365608,-0.0188036707264988,4.18642518089931,140.178397513964,1.17443247148762,1.00002544499074,1,2.97188726774091
4.15800971731955,0.0530999145212353,1.4086045117224,1.1621859200981,-0.0146830790375863,4.25453256145504,194.19244264841,1.16218166800306,1.00001325874677,1,3.0203661808193
4.13410763671912,0.0529508895219637,1.40855425729451,1.15219446848293,-0.0123502691967584,4.28536092206623,247.180603927301,1.15219191144669,1.00000818350683,1,3.04236906679814
4.10827792961246,0.0528401634051676,1.40850108443895,1.14330804471957,-0.0110660193957915,4.30279271723848,294.192809825783,1.14330628129094,1.00000577703025,1,3.05486413294504
4.08037609673302,0.0532128682994975,1.40844457551879,1.1348406174945,-0.0102484140459328,4.31196121904763,338.953588257639,1.13483931853222,1.000004351997,1,3.06149877878103
4.05024903722457,0.0531650260857238,1.40837815509964,1.12727869758502,-0.0100453626854811,4.31685677368256,367.653906988967,1.12727761560955,1.00000369905535,1,3.06512030970858
4.01773389500711,0.0537401809596794,1.40831672890949,1.11877513162756,-0.00977363386998435,4.31943705000777,406.556097269297,1.11877426681073,1.00000302502097,1,3.06708731314804
3.98265885473233,0.053761440698257,1.40826581805351,1.10937314260535,-0.00974159657506519,4.32051846820867,444.932422451561,1.10937243867863,1.00000252569758,1,3.06796694903436
3.94484238743314,0.0540822203918182,1.40822041509651,1.0985922749827,-0.0096502759056395,4.32038282181216,500.817172513428,1.09859173548996,1.00000199347662,1,3.06797042012844
3.90409406426158,0.0539660922546051,1.40817876848468,1.08746051279033,-0.00969116266914431,4.31968886620226,565.177705245532,1.08746010196178,1.00000156530734,1,3.06756904665292
3.8602132608989,0.0539100895269955,1.40814034988444,1.07528764259215,-0.0097198961918437,4.31814563814332,658.459339373919,1.07528734999816,1.00000115321911,1,3.06655745536807
3.81299145025122,0.0536824294002437,1.40810505900575,1.06239820375465,-0.00978688791199172,4.31615473072805,793.971171142086,1.06239800968197,1.0000007931592,1,3.06522096929055
3.7622106632908,0.0537949757748833,1.40807332032514,1.04815618937302,-0.00973141990003175,4.31343717684176,1041.84747898459,1.04815608114297,1.00000046063996,1,3.06336056779756
3.70764444304534,0.0536592237075868,1.40804610786178,1.03321957801319,-0.00973671314431556,4.31022538792547,1520.56945314226,1.03321952934843,1.00000021625066,1,3.06113909042842
3.64905980044148,0.0532652944866645,1.40802343190509,1.01773580932371,-0.00983991053770295,4.3057514460811,2839.82761945848,1.01773579599014,1.00000006199919,1,3.0580111351089
3.5862167095378,0.0530725691548095,1.4080058983226,1.000847126522,-0.00988583360572644,4.30105900039396,59679.3995289303,1.00084712649329,1.00000000014039,1,3.05471660684886
3.51887000536048,0.0530020008638704,1.40799485162051,0.982454941143596,-0.00987111246877669,4.29523555147539,2912.57532554907,0.982454929741668,-1.00000005894075,1,3.05060451523296
3.44677090372897,0.0525009507297812,1.40799111242671,0.963754024199554,-0.0100047265575915,4.28804144323414,1404.27048011118,0.963753977898832,-1.0000002535528,1,3.04550291076126
3.36966926001039,0.0521251005805263,1.40799517443881,0.94344288692975,-0.0100872251497693,4.28054569566317,901.931579953605,0.943442781637933,-1.00000061464264,1,3.04017003603648
3.28731412019909,0.0518181324324959,1.40800780900658,0.92143086386963,-0.0101113900427337,4.27146879752048,655.115820085752,0.921430677934932,-1.00000116502053,1,3.03369558487234
3.19945813915967,0.0512235012025187,1.40802945791554,0.898581154878258,-0.0101917832088986,4.26191287506515,509.57605202719,0.898580869851771,-1.00000192553566,1,3.02686151016344
3.10585923586313,0.0503616577862046,1.40805366367592,0.874907731035163,-0.0105731275741183,4.25104254577597,403.269032871022,0.874907310933895,-1.00000307453605,1,3.01908838635006
3.00628358478505,0.0492305165249237,1.40807909263206,0.849001564975298,-0.010830296722694,4.24008641984585,330.7197804167,0.84900099416862,-1.00000457139417,1,3.01125181148224
2.90518608293315,0.0485889848987559,1.40812426173766,0.822196402396975,-0.0108400331056012,4.22953875190186,284.737612560017,0.822195702927276,-1.00000616707154,1,3.0036635760173
2.80408784028128,0.0481163348289906,1.40817694451475,0.795179403512627,-0.0110403711070482,4.21976800322754,246.346928348542,0.795178558060831,-1.0000082389888,1,2.99661136093287
2.7029893816656,0.0475892979262849,1.40823451139973,0.768170515689662,-0.0113148850447507,4.21123977687508,215.610789013803,0.768169520557403,-1.00001075540308,1,2.99043151678766
2.60189119289686,0.0470894124138484,1.40829561183873,0.74099081479082,-0.011571158658678,4.20354559204474,191.657536853389,0.74098968421317,-1.00001361179011,1,2.98483694011019
2.50079333045704,0.0465256786472017,1.40835953700466,0.713944558274654,-0.0118925376493199,4.19607285372368,171.5117312836,0.713943295321155,-1.00001699724959,1,2.97939403820483
2.39969588330165,0.0459338093173957,1.40842562978072,0.686957012257639,-0.0122853930561962,4.18859440380089,154.141394239932,0.686955619095087,-1.00002104393099,1,2.97394290912181
2.2985980999688,0.0453871993700074,1.40849291507884,0.659703649560765,-0.0126948924004777,4.18169271806117,139.476274397162,0.659702142367196,-1.00002570181225,1,2.96889928652555
2.19749996711272,0.0448598303120972,1.40856011493901,0.632302288270884,-0.0131598611992994,4.17481410009113,126.612102753875,0.632300677557996,-1.00003118981426,1,2.96387267123525
2.09640177975877,0.0443425243428931,1.4086264139082,0.60480443623718,-0.0136903045645956,4.16773846259702,115.178546870053,0.604802732642308,-1.00003768934849,1,2.95870852793905
1.9953036989241,0.0438498344531514,1.40869147439461,0.577049444071354,-0.0142174273397748,4.16110723779933,105.454124238083,0.577047678661543,-1.00004496070398,1,2.95386310821793
1.89420586457448,0.0433715959433724,1.40875530640554,0.549272177168697,-0.0147553136194651,4.1541354238844,97.0575636480766,0.549270379517982,-1.00005307618612,1,2.9487791200086
1.79310835476894,0.0428964757580983,1.40881842997077,0.521444810347493,-0.0152749373058733,4.14827009490219,89.9191907224395,0.521443018139107,-1.00006183748209,1,2.94448276048439
1.69201084496332,0.0424283307611799,1.40888083772949,0.493730797296486,-0.0158205970210682,4.1429824977803,83.5878826169571,0.493729036462351,-1.00007155958567,1,2.9405985488226
1.59091301061371,0.0419504286510321,1.40894246307914,0.466119850897705,-0.0164201395933485,4.13799943900707,77.8089975403403,0.466118140752514,-1.00008258333778,1,2.93693261699384
1.48981492977903,0.041459564520538,1.40900298407685,0.438622030239511,-0.0171054862870504,4.1334874468324,72.3906115540707,0.438620383704874,-1.00009540800091,1,2.93360373282949
1.38871674242509,0.0409587907937094,1.40906170368494,0.411204144667394,-0.017931635525217,4.12911756692608,67.1189460059046,0.411202566298456,-1.00011098279283,1,2.93037973973722
1.28761860956901,0.0404668506197087,1.40911784207514,0.383911326999693,-0.0189720659570379,4.12544365088219,61.8234915312953,0.383909812840354,-1.00013080807169,1,2.92765515131846
1.18652082623616,0.0399821417557573,1.40917127124908,0.356673465048688,-0.0202783088695449,4.12173825150144,56.504273843072,0.356672011290099,-1.00015659338272,1,2.92491390949763
1.08542337908076,0.0394439003870411,1.40922147420591,0.329145477947485,-0.0218627948669397,4.117443873646,51.2995436493129,0.329144091726863,-1.00018997731693,1,2.92176160187872
0.984325516640942,0.038915830636841,1.40926817855057,0.30155122032278,-0.023850353644973,4.1125933915687,46.1242981391675,0.30154990155336,-1.00023499544127,1,2.91822201278352
0.883227327872201,0.0383002385852888,1.40931083650639,0.273500496135618,-0.0262413153567596,4.10723000671068,41.1908405612239,0.273499262282795,-1.00029464882795,1,2.91432723158571
0.782128869256519,0.0376213062261158,1.40934969499023,0.245141880731296,-0.0292862081807882,4.10109911084092,36.3306962432113,0.245140738546055,-1.00037873926181,1,2.90989589677449
0.681030626604654,0.037019894872499,1.40938389475683,0.216652391318645,-0.033207371957848,4.09337294644076,31.5984572734729,0.216651348938023,-1.00050064461023,1,2.9043425094016
0.579933124752755,0.0362441022778852,1.40941395945078,0.187357870880014,-0.0389271855294091,4.08301416127416,26.6249201979955,0.187356921284725,-1.00070508308326,1,2.89692942638331
0.480357473674671,0.0360546628166009,1.40943867032696,0.158692001769466,-0.047537526508757,4.07257159034864,21.5806481225817,0.158691123431997,-1.0010730206904,1,2.88946698711582
0.386758570378131,0.035526719054842,1.40945818684775,0.130050332120913,-0.0598298434220884,4.06234041172345,17.0026285078528,0.130049553281481,-1.00172807579655,1,2.88216549668678
0.298902589338718,0.0350854051507273,1.40947293653004,0.102296483600134,-0.0778779947194611,4.05153526580716,12.9772049594576,0.10229583290006,-1.00296458837369,1,2.87446719831045
0.216547449527409,0.0344446209643836,1.40948360209059,0.0745403362187114,-0.109401505110346,4.04079772284605,9.1923214586332,0.0745398344590151,-1.00589984156474,1,2.86682535128891
0.139445805808833,0.0337669941489482,1.4094907750622,0.0471068973145932,-0.172600174962923,4.03080787014972,5.80700511119937,0.047106579971663,-1.01471909407475,1,2.85972326553768
0.0673467041773232,0.0333112263212117,1.40949490700173,0.0206255334359222,-0.322114140052264,4.02213169052502,3.10594788335552,0.0206254403223876,-1.0505522888039,1,2.85357212358138
-0,0.0327468927885077,1.40949658583075,0.00544292059542116,-3.51060478414359,4.0150322591695,0.284963608282813,0.00544271732080136,-3.64892109664204,1,2.84834486969299
-0.0628430909036801,0.0324074357253163,1.40949608780564,0.0300734991458416,-0.39128487154053,4.00816563100248,2.55835008503889,0.0300730737311424,-1.07367814829384,1,2.84360649795094
-0.121427733507534,0.0318943825484194,1.40949373943626,0.0541360529927624,-0.201932038128172,4.00075465977931,4.96730893197519,0.0541353947338046,-1.0200628568695,1,2.83836476553398
-0.175993953752996,0.0315082194976982,1.40948961082871,0.0768811729161966,-0.143762174406014,3.99183267396435,6.99814125947483,0.0768802230346741,-1.01015791127964,1,2.83204218335601
-0.226774740713419,0.0309006882762723,1.40948455091185,0.0994655728850365,-0.11274893621616,3.98079659554546,8.95900257625223,0.0994643178138711,-1.0062101808412,1,2.82422118997697
-0.273996551361098,0.0302364421784924,1.4094793324704,0.121737769231512,-0.0958052081159303,3.9669976109162,10.5962823239181,0.121736124359279,-1.00444323411083,1,2.81443673509241
-0.317877354723778,0.0296938322024435,1.40947509648675,0.143564072817206,-0.0872160180896269,3.95058233207482,11.7088713420965,0.14356186346619,-1.00364040875581,1,2.8027886050916
-0.358625677895339,0.0290589665694933,1.40947288329088,0.165601210278575,-0.0819269400309499,3.93134752307625,12.5524163972925,0.165598259820873,-1.00316831157169,1,2.78913307527569
-0.396442145194522,0.0279431276564525,1.40947411053767,0.189012675368662,-0.0765967104123026,3.90972351342495,13.5418214211784,0.189008905969857,-1.00272285792244,1,2.77377750032355
-0.431517185469305,0.0270372947702292,1.40948122784338,0.211972198419914,-0.0750176075438679,3.88571897769844,13.9607078103326,0.211967195996269,-1.00256211800386,1,2.75671325135716
-0.464032327686762,0.0264919683835782,1.4094954447208,0.23489666492711,-0.0764003835022284,3.86021815154532,13.8575304701365,0.234889755710799,-1.00260036328178,1,2.73856228592499
-0.494159387195216,0.0258149435299483,1.40951892253173,0.259854050070865,-0.0778836386142802,3.83137159979676,13.7746933910099,0.259844583017234,-1.0026316918402,1,2.71801419128186
-0.522061220074652,0.0248918870557864,1.40955561462925,0.287699576488236,-0.0792126399875244,3.79990172686669,13.7700175731161,0.287686718516811,-1.00263347705767,1,2.69557443630693
-0.547890927181313,0.0242841658874237,1.40961082964018,0.316407370837904,-0.0834470451263528,3.76440926441521,13.3251944324014,0.316389103868763,-1.00281198312075,1,2.67022254707613
-0.571793007781747,0.0236814015172534,1.40969080574555,0.347787575207355,-0.0891823430958451,3.7199291691044,12.7666633424765,0.347761142960019,-1.00306302522468,1,2.63842520488955
-0.593903336645341,0.0226977038719499,1.4098104536888,0.382612486388944,-0.095023446053763,3.64799239455554,12.3424139988718,0.382574821550757,-1.00327686692219,1,2.58706707327479
-0.614349221035578,0.0215829534994773,1.40998154293905,0.421906940279728,-0.101010869464995,3.48729994520408,12.0617378092519,0.421854040621051,-1.00343088268634,1,2.47267457235502
